#
# There is insufficient memory for the Java Runtime Environment to continue.
# Native memory allocation (mmap) failed to map 65536 bytes for Failed to commit metaspace.
# Possible reasons:
#   The system is out of physical RAM or swap space
#   The process is running with CompressedOops enabled, and the Java Heap may be blocking the growth of the native heap
# Possible solutions:
#   Reduce memory load on the system
#   Increase physical memory or swap space
#   Check if swap backing store is full
#   Decrease Java heap size (-Xmx/-Xms)
#   Decrease number of Java threads
#   Decrease Java thread stack sizes (-Xss)
#   Set larger code cache with -XX:ReservedCodeCacheSize=
#   JVM is running with Unscaled Compressed Oops mode in which the Java heap is
#     placed in the first 4GB address space. The Java Heap base address is the
#     maximum limit for the native heap growth. Please use -XX:HeapBaseMinAddress
#     to set the Java Heap base and to place the Java Heap above 4GB virtual address.
# This output file may be truncated or incomplete.
#
#  Out of Memory Error (virtualSpaceNode.cpp:110), pid=16932, tid=2076
#
# JRE version: Java(TM) SE Runtime Environment (17.0.12+8) (build 17.0.12+8-LTS-286)
# Java VM: Java HotSpot(TM) 64-Bit Server VM (17.0.12+8-LTS-286, mixed mode, emulated-client, sharing, tiered, compressed oops, compressed class ptrs, g1 gc, windows-amd64)
# No core dump will be written. Minidumps are not enabled by default on client versions of Windows
#

---------------  S U M M A R Y ------------

Command Line: -XX:TieredStopAtLevel=1 -Dspring.output.ansi.enabled=always -javaagent:C:\Program Files\JetBrains\IntelliJ IDEA Community Edition 2024.3.4\lib\idea_rt.jar=59067 -Dfile.encoding=UTF-8 com.kiran.ProductCatalogApp.ProductCatalogAppApplication

Host: Intel(R) Core(TM) i3-7020U CPU @ 2.30GHz, 4 cores, 3G,  Windows 10 , 64 bit Build 19041 (10.0.19041.7291)
Time: Thu Jun 25 12:42:50 2026 India Standard Time elapsed time: 8.558587 seconds (0d 0h 0m 8s)

---------------  T H R E A D  ---------------

Current thread (0x0000021c1a1d61d0):  JavaThread "main" [_thread_in_vm, id=2076, stack(0x00000060c5800000,0x00000060c5900000)]

Stack: [0x00000060c5800000,0x00000060c5900000]
Native frames: (J=compiled Java code, j=interpreted, Vv=VM code, C=native code)
V  [jvm.dll+0x67a04a]
V  [jvm.dll+0x7da4ed]
V  [jvm.dll+0x7dbe33]
V  [jvm.dll+0x7dc4a3]
V  [jvm.dll+0x24508f]
V  [jvm.dll+0x7d60bb]
V  [jvm.dll+0x6206c6]
V  [jvm.dll+0x1bed07]
V  [jvm.dll+0x623022]
V  [jvm.dll+0x621086]
V  [jvm.dll+0x23a821]
V  [jvm.dll+0x1e8e87]
V  [jvm.dll+0x1dea41]
V  [jvm.dll+0x53f78c]
V  [jvm.dll+0x7553b8]
V  [jvm.dll+0x7554a4]
V  [jvm.dll+0x40d1af]
V  [jvm.dll+0x413c39]
C  [java.dll+0x17ec]

Java frames: (J=compiled Java code, j=interpreted, Vv=VM code)
J 799  java.lang.ClassLoader.defineClass1(Ljava/lang/ClassLoader;Ljava/lang/String;[BIILjava/security/ProtectionDomain;Ljava/lang/String;)Ljava/lang/Class; java.base@17.0.12 (0 bytes) @ 0x0000021c21c87963 [0x0000021c21c878a0+0x00000000000000c3]
J 905 c1 java.lang.ClassLoader.defineClass(Ljava/lang/String;[BIILjava/security/ProtectionDomain;)Ljava/lang/Class; java.base@17.0.12 (43 bytes) @ 0x0000021c21cad05c [0x0000021c21cacf60+0x00000000000000fc]
J 801 c1 jdk.internal.loader.BuiltinClassLoader.defineClass(Ljava/lang/String;Ljdk/internal/loader/Resource;)Ljava/lang/Class; java.base@17.0.12 (121 bytes) @ 0x0000021c21c89ce4 [0x0000021c21c89820+0x00000000000004c4]
J 781 c1 jdk.internal.loader.BuiltinClassLoader.findClassOnClassPathOrNull(Ljava/lang/String;)Ljava/lang/Class; java.base@17.0.12 (64 bytes) @ 0x0000021c21c82434 [0x0000021c21c82180+0x00000000000002b4]
J 453 c1 jdk.internal.loader.BuiltinClassLoader.loadClassOrNull(Ljava/lang/String;Z)Ljava/lang/Class; java.base@17.0.12 (143 bytes) @ 0x0000021c21bf1edc [0x0000021c21bf1a80+0x000000000000045c]
J 695 c1 jdk.internal.loader.ClassLoaders$AppClassLoader.loadClass(Ljava/lang/String;Z)Ljava/lang/Class; java.base@17.0.12 (40 bytes) @ 0x0000021c21c5b4a4 [0x0000021c21c5b360+0x0000000000000144]
J 694 c1 java.lang.ClassLoader.loadClass(Ljava/lang/String;)Ljava/lang/Class; java.base@17.0.12 (7 bytes) @ 0x0000021c21c5b064 [0x0000021c21c5b020+0x0000000000000044]
v  ~StubRoutines::call_stub
J 799  java.lang.ClassLoader.defineClass1(Ljava/lang/ClassLoader;Ljava/lang/String;[BIILjava/security/ProtectionDomain;Ljava/lang/String;)Ljava/lang/Class; java.base@17.0.12 (0 bytes) @ 0x0000021c21c87963 [0x0000021c21c878a0+0x00000000000000c3]
J 905 c1 java.lang.ClassLoader.defineClass(Ljava/lang/String;[BIILjava/security/ProtectionDomain;)Ljava/lang/Class; java.base@17.0.12 (43 bytes) @ 0x0000021c21cad05c [0x0000021c21cacf60+0x00000000000000fc]
J 801 c1 jdk.internal.loader.BuiltinClassLoader.defineClass(Ljava/lang/String;Ljdk/internal/loader/Resource;)Ljava/lang/Class; java.base@17.0.12 (121 bytes) @ 0x0000021c21c89ce4 [0x0000021c21c89820+0x00000000000004c4]
J 781 c1 jdk.internal.loader.BuiltinClassLoader.findClassOnClassPathOrNull(Ljava/lang/String;)Ljava/lang/Class; java.base@17.0.12 (64 bytes) @ 0x0000021c21c82434 [0x0000021c21c82180+0x00000000000002b4]
J 453 c1 jdk.internal.loader.BuiltinClassLoader.loadClassOrNull(Ljava/lang/String;Z)Ljava/lang/Class; java.base@17.0.12 (143 bytes) @ 0x0000021c21bf1edc [0x0000021c21bf1a80+0x000000000000045c]
J 695 c1 jdk.internal.loader.ClassLoaders$AppClassLoader.loadClass(Ljava/lang/String;Z)Ljava/lang/Class; java.base@17.0.12 (40 bytes) @ 0x0000021c21c5b4a4 [0x0000021c21c5b360+0x0000000000000144]
J 694 c1 java.lang.ClassLoader.loadClass(Ljava/lang/String;)Ljava/lang/Class; java.base@17.0.12 (7 bytes) @ 0x0000021c21c5b064 [0x0000021c21c5b020+0x0000000000000044]
v  ~StubRoutines::call_stub
j  org.springframework.data.jpa.repository.config.JpaRepositoryConfigExtension.lambda$1()Lorg/springframework/beans/factory/support/AbstractBeanDefinition;+4
j  org.springframework.data.jpa.repository.config.JpaRepositoryConfigExtension$$Lambda$440+0x0000021c2b29bb08.get()Ljava/lang/Object;+0
j  org.springframework.data.repository.config.RepositoryConfigurationExtensionSupport.registerLazyIfNotAlreadyRegistered(Ljava/util/function/Supplier;Lorg/springframework/beans/factory/support/BeanDefinitionRegistry;Ljava/lang/String;Ljava/lang/Object;)V+12
j  org.springframework.data.jpa.repository.config.JpaRepositoryConfigExtension.registerBeansForRoot(Lorg/springframework/beans/factory/support/BeanDefinitionRegistry;Lorg/springframework/data/repository/config/RepositoryConfigurationSource;)V+41
j  org.springframework.data.repository.config.RepositoryConfigurationDelegate.registerRepositoriesIn(Lorg/springframework/beans/factory/support/BeanDefinitionRegistry;Lorg/springframework/data/repository/config/RepositoryConfigurationExtension;)Ljava/util/List;+48
j  org.springframework.boot.autoconfigure.data.AbstractRepositoryConfigurationSourceSupport.registerBeanDefinitions(Lorg/springframework/core/type/AnnotationMetadata;Lorg/springframework/beans/factory/support/BeanDefinitionRegistry;Lorg/springframework/beans/factory/support/BeanNameGenerator;)V+30
j  org.springframework.context.annotation.ConfigurationClassBeanDefinitionReader.lambda$loadBeanDefinitionsFromRegistrars$1(Lorg/springframework/context/annotation/ImportBeanDefinitionRegistrar;Lorg/springframework/core/type/AnnotationMetadata;)V+10
j  org.springframework.context.annotation.ConfigurationClassBeanDefinitionReader$$Lambda$422+0x0000021c2b25e3e0.accept(Ljava/lang/Object;Ljava/lang/Object;)V+12
J 2147 c1 java.util.LinkedHashMap.forEach(Ljava/util/function/BiConsumer;)V java.base@17.0.12 (65 bytes) @ 0x0000021c21e987bc [0x0000021c21e98740+0x000000000000007c]
j  org.springframework.context.annotation.ConfigurationClassBeanDefinitionReader.loadBeanDefinitionsFromRegistrars(Ljava/util/Map;)V+7
j  org.springframework.context.annotation.ConfigurationClassBeanDefinitionReader.loadBeanDefinitionsForConfigurationClass(Lorg/springframework/context/annotation/ConfigurationClass;Lorg/springframework/context/annotation/ConfigurationClassBeanDefinitionReader$TrackedConditionEvaluator;)V+126
j  org.springframework.context.annotation.ConfigurationClassBeanDefinitionReader.loadBeanDefinitions(Ljava/util/Set;)V+40
j  org.springframework.context.annotation.ConfigurationClassPostProcessor.processConfigBeanDefinitions(Lorg/springframework/beans/factory/support/BeanDefinitionRegistry;)V+379
j  org.springframework.context.annotation.ConfigurationClassPostProcessor.postProcessBeanDefinitionRegistry(Lorg/springframework/beans/factory/support/BeanDefinitionRegistry;)V+81
j  org.springframework.context.support.PostProcessorRegistrationDelegate.invokeBeanDefinitionRegistryPostProcessors(Ljava/util/Collection;Lorg/springframework/beans/factory/support/BeanDefinitionRegistry;Lorg/springframework/core/metrics/ApplicationStartup;)V+59
j  org.springframework.context.support.PostProcessorRegistrationDelegate.invokeBeanFactoryPostProcessors(Lorg/springframework/beans/factory/config/ConfigurableListableBeanFactory;Ljava/util/List;)V+238
j  org.springframework.context.support.AbstractApplicationContext.invokeBeanFactoryPostProcessors(Lorg/springframework/beans/factory/config/ConfigurableListableBeanFactory;)V+5
j  org.springframework.context.support.AbstractApplicationContext.refresh()V+62
j  org.springframework.boot.web.servlet.context.ServletWebServerApplicationContext.refresh()V+1
j  org.springframework.boot.SpringApplication.refresh(Lorg/springframework/context/ConfigurableApplicationContext;)V+1
j  org.springframework.boot.SpringApplication.refreshContext(Lorg/springframework/context/ConfigurableApplicationContext;)V+16
j  org.springframework.boot.SpringApplication.run([Ljava/lang/String;)Lorg/springframework/context/ConfigurableApplicationContext;+110
j  org.springframework.boot.SpringApplication.run([Ljava/lang/Class;[Ljava/lang/String;)Lorg/springframework/context/ConfigurableApplicationContext;+9
j  org.springframework.boot.SpringApplication.run(Ljava/lang/Class;[Ljava/lang/String;)Lorg/springframework/context/ConfigurableApplicationContext;+9
j  com.kiran.ProductCatalogApp.ProductCatalogAppApplication.main([Ljava/lang/String;)V+3
v  ~StubRoutines::call_stub

---------------  P R O C E S S  ---------------

Threads class SMR info:
_java_thread_list=0x0000021c292aa530, length=12, elements={
0x0000021c1a1d61d0, 0x0000021c29202450, 0x0000021c292031e0, 0x0000021c29214150,
0x0000021c29216cf0, 0x0000021c292185d0, 0x0000021c29218ea0, 0x0000021c2921a030,
0x0000021c2921b0e0, 0x0000021c1a25cc80, 0x0000021c298080e0, 0x0000021c298085c0
}

Java Threads: ( => current thread )
=>0x0000021c1a1d61d0 JavaThread "main" [_thread_in_vm, id=2076, stack(0x00000060c5800000,0x00000060c5900000)]
  0x0000021c29202450 JavaThread "Reference Handler" daemon [_thread_blocked, id=8912, stack(0x00000060c6000000,0x00000060c6100000)]
  0x0000021c292031e0 JavaThread "Finalizer" daemon [_thread_blocked, id=16720, stack(0x00000060c6100000,0x00000060c6200000)]
  0x0000021c29214150 JavaThread "Signal Dispatcher" daemon [_thread_blocked, id=11632, stack(0x00000060c6200000,0x00000060c6300000)]
  0x0000021c29216cf0 JavaThread "Attach Listener" daemon [_thread_blocked, id=10784, stack(0x00000060c6300000,0x00000060c6400000)]
  0x0000021c292185d0 JavaThread "Service Thread" daemon [_thread_blocked, id=15068, stack(0x00000060c6400000,0x00000060c6500000)]
  0x0000021c29218ea0 JavaThread "Monitor Deflation Thread" daemon [_thread_blocked, id=16184, stack(0x00000060c6500000,0x00000060c6600000)]
  0x0000021c2921a030 JavaThread "C1 CompilerThread0" daemon [_thread_blocked, id=4832, stack(0x00000060c6600000,0x00000060c6700000)]
  0x0000021c2921b0e0 JavaThread "Sweeper thread" daemon [_thread_blocked, id=18316, stack(0x00000060c6700000,0x00000060c6800000)]
  0x0000021c1a25cc80 JavaThread "Common-Cleaner" daemon [_thread_blocked, id=16224, stack(0x00000060c6800000,0x00000060c6900000)]
  0x0000021c298080e0 JavaThread "Monitor Ctrl-Break" daemon [_thread_in_native, id=2320, stack(0x00000060c6900000,0x00000060c6a00000)]
  0x0000021c298085c0 JavaThread "Notification Thread" daemon [_thread_blocked, id=2668, stack(0x00000060c6a00000,0x00000060c6b00000)]

Other Threads:
  0x0000021c291fa8c0 VMThread "VM Thread" [stack: 0x00000060c5f00000,0x00000060c6000000] [id=10924]
  0x0000021c2980f830 WatcherThread [stack: 0x00000060c6b00000,0x00000060c6c00000] [id=17720]
  0x0000021c1a2128a0 GCTaskThread "GC Thread#0" [stack: 0x00000060c5a00000,0x00000060c5b00000] [id=10396]
  0x0000021c29b62450 GCTaskThread "GC Thread#1" [stack: 0x00000060c6c00000,0x00000060c6d00000] [id=3184]
  0x0000021c29baf9f0 GCTaskThread "GC Thread#2" [stack: 0x00000060c6d00000,0x00000060c6e00000] [id=8380]
  0x0000021c29bafcb0 GCTaskThread "GC Thread#3" [stack: 0x00000060c6e00000,0x00000060c6f00000] [id=13352]
  0x0000021c1a21d420 ConcurrentGCThread "G1 Main Marker" [stack: 0x00000060c5b00000,0x00000060c5c00000] [id=14188]
  0x0000021c1a21ed50 ConcurrentGCThread "G1 Conc#0" [stack: 0x00000060c5c00000,0x00000060c5d00000] [id=3132]
  0x0000021c290d0090 ConcurrentGCThread "G1 Refine#0" [stack: 0x00000060c5d00000,0x00000060c5e00000] [id=14152]
  0x0000021c290d09d0 ConcurrentGCThread "G1 Service" [stack: 0x00000060c5e00000,0x00000060c5f00000] [id=4168]

Threads with active compile tasks:

VM state: not at safepoint (normal execution)

VM Mutex/Monitor currently owned by a thread:  ([mutex/lock_event])
[0x0000021c1a1cf670] Metaspace_lock - owner thread: 0x0000021c1a1d61d0

Heap address: 0x00000000c1800000, size: 1000 MB, Compressed Oops mode: 32-bit

CDS archive(s) mapped at: [0x0000021c2a000000-0x0000021c2abd0000-0x0000021c2abd0000), size 12386304, SharedBaseAddress: 0x0000021c2a000000, ArchiveRelocationMode: 1.
Compressed class space mapped at: 0x0000021c2b000000-0x0000021c6b000000, reserved size: 1073741824
Narrow klass base: 0x0000021c2a000000, Narrow klass shift: 0, Narrow klass range: 0x100000000

GC Precious Log:
 CPUs: 4 total, 4 available
 Memory: 3996M
 Large Page Support: Disabled
 NUMA Support: Disabled
 Compressed Oops: Enabled (32-bit)
 Heap Region Size: 1M
 Heap Min Capacity: 8M
 Heap Initial Capacity: 64M
 Heap Max Capacity: 1000M
 Pre-touch: Disabled
 Parallel Workers: 4
 Concurrent Workers: 1
 Concurrent Refinement Workers: 4
 Periodic GC: Disabled

Heap:
 garbage-first heap   total 65536K, used 37996K [0x00000000c1800000, 0x0000000100000000)
  region size 1024K, 31 young (31744K), 5 survivors (5120K)
 Metaspace       used 18805K, committed 19072K, reserved 1114112K
  class space    used 2559K, committed 2688K, reserved 1048576K

Heap Regions: E=young(eden), S=young(survivor), O=old, HS=humongous(starts), HC=humongous(continues), CS=collection set, F=free, OA=open archive, CA=closed archive, TAMS=top-at-mark-start (previous, next)
|   0|0x00000000c1800000, 0x00000000c1900000, 0x00000000c1900000|100%|HS|  |TAMS 0x00000000c1800000, 0x00000000c1800000| Complete 
|   1|0x00000000c1900000, 0x00000000c1a00000, 0x00000000c1a00000|100%| O|  |TAMS 0x00000000c1900000, 0x00000000c1900000| Untracked 
|   2|0x00000000c1a00000, 0x00000000c1b00000, 0x00000000c1b00000|100%| O|  |TAMS 0x00000000c1a00000, 0x00000000c1a00000| Untracked 
|   3|0x00000000c1b00000, 0x00000000c1c00000, 0x00000000c1c00000|100%| O|  |TAMS 0x00000000c1b00000, 0x00000000c1b00000| Untracked 
|   4|0x00000000c1c00000, 0x00000000c1d00000, 0x00000000c1d00000|100%| O|  |TAMS 0x00000000c1c00000, 0x00000000c1c00000| Untracked 
|   5|0x00000000c1d00000, 0x00000000c1e00000, 0x00000000c1e00000|100%| O|  |TAMS 0x00000000c1d00000, 0x00000000c1d00000| Untracked 
|   6|0x00000000c1e00000, 0x00000000c1f00000, 0x00000000c1f00000|100%| O|  |TAMS 0x00000000c1e00000, 0x00000000c1e00000| Untracked 
|   7|0x00000000c1f00000, 0x00000000c1f44a00, 0x00000000c2000000| 26%| O|  |TAMS 0x00000000c1f00000, 0x00000000c1f00000| Untracked 
|   8|0x00000000c2000000, 0x00000000c2000000, 0x00000000c2100000|  0%| F|  |TAMS 0x00000000c2000000, 0x00000000c2000000| Untracked 
|   9|0x00000000c2100000, 0x00000000c2100000, 0x00000000c2200000|  0%| F|  |TAMS 0x00000000c2100000, 0x00000000c2100000| Untracked 
|  10|0x00000000c2200000, 0x00000000c2200000, 0x00000000c2300000|  0%| F|  |TAMS 0x00000000c2200000, 0x00000000c2200000| Untracked 
|  11|0x00000000c2300000, 0x00000000c2300000, 0x00000000c2400000|  0%| F|  |TAMS 0x00000000c2300000, 0x00000000c2300000| Untracked 
|  12|0x00000000c2400000, 0x00000000c2400000, 0x00000000c2500000|  0%| F|  |TAMS 0x00000000c2400000, 0x00000000c2400000| Untracked 
|  13|0x00000000c2500000, 0x00000000c2500000, 0x00000000c2600000|  0%| F|  |TAMS 0x00000000c2500000, 0x00000000c2500000| Untracked 
|  14|0x00000000c2600000, 0x00000000c2600000, 0x00000000c2700000|  0%| F|  |TAMS 0x00000000c2600000, 0x00000000c2600000| Untracked 
|  15|0x00000000c2700000, 0x00000000c2700000, 0x00000000c2800000|  0%| F|  |TAMS 0x00000000c2700000, 0x00000000c2700000| Untracked 
|  16|0x00000000c2800000, 0x00000000c2800000, 0x00000000c2900000|  0%| F|  |TAMS 0x00000000c2800000, 0x00000000c2800000| Untracked 
|  17|0x00000000c2900000, 0x00000000c2900000, 0x00000000c2a00000|  0%| F|  |TAMS 0x00000000c2900000, 0x00000000c2900000| Untracked 
|  18|0x00000000c2a00000, 0x00000000c2a00000, 0x00000000c2b00000|  0%| F|  |TAMS 0x00000000c2a00000, 0x00000000c2a00000| Untracked 
|  19|0x00000000c2b00000, 0x00000000c2b00000, 0x00000000c2c00000|  0%| F|  |TAMS 0x00000000c2b00000, 0x00000000c2b00000| Untracked 
|  20|0x00000000c2c00000, 0x00000000c2c00000, 0x00000000c2d00000|  0%| F|  |TAMS 0x00000000c2c00000, 0x00000000c2c00000| Untracked 
|  21|0x00000000c2d00000, 0x00000000c2d00000, 0x00000000c2e00000|  0%| F|  |TAMS 0x00000000c2d00000, 0x00000000c2d00000| Untracked 
|  22|0x00000000c2e00000, 0x00000000c2e00000, 0x00000000c2f00000|  0%| F|  |TAMS 0x00000000c2e00000, 0x00000000c2e00000| Untracked 
|  23|0x00000000c2f00000, 0x00000000c2f00000, 0x00000000c3000000|  0%| F|  |TAMS 0x00000000c2f00000, 0x00000000c2f00000| Untracked 
|  24|0x00000000c3000000, 0x00000000c3000000, 0x00000000c3100000|  0%| F|  |TAMS 0x00000000c3000000, 0x00000000c3000000| Untracked 
|  25|0x00000000c3100000, 0x00000000c3100000, 0x00000000c3200000|  0%| F|  |TAMS 0x00000000c3100000, 0x00000000c3100000| Untracked 
|  26|0x00000000c3200000, 0x00000000c32d6890, 0x00000000c3300000| 83%| S|CS|TAMS 0x00000000c3200000, 0x00000000c3200000| Complete 
|  27|0x00000000c3300000, 0x00000000c3400000, 0x00000000c3400000|100%| S|CS|TAMS 0x00000000c3300000, 0x00000000c3300000| Complete 
|  28|0x00000000c3400000, 0x00000000c3500000, 0x00000000c3500000|100%| S|CS|TAMS 0x00000000c3400000, 0x00000000c3400000| Complete 
|  29|0x00000000c3500000, 0x00000000c3600000, 0x00000000c3600000|100%| S|CS|TAMS 0x00000000c3500000, 0x00000000c3500000| Complete 
|  30|0x00000000c3600000, 0x00000000c3700000, 0x00000000c3700000|100%| S|CS|TAMS 0x00000000c3600000, 0x00000000c3600000| Complete 
|  31|0x00000000c3700000, 0x00000000c3700000, 0x00000000c3800000|  0%| F|  |TAMS 0x00000000c3700000, 0x00000000c3700000| Untracked 
|  32|0x00000000c3800000, 0x00000000c3800000, 0x00000000c3900000|  0%| F|  |TAMS 0x00000000c3800000, 0x00000000c3800000| Untracked 
|  33|0x00000000c3900000, 0x00000000c3900000, 0x00000000c3a00000|  0%| F|  |TAMS 0x00000000c3900000, 0x00000000c3900000| Untracked 
|  34|0x00000000c3a00000, 0x00000000c3a00000, 0x00000000c3b00000|  0%| F|  |TAMS 0x00000000c3a00000, 0x00000000c3a00000| Untracked 
|  35|0x00000000c3b00000, 0x00000000c3b00000, 0x00000000c3c00000|  0%| F|  |TAMS 0x00000000c3b00000, 0x00000000c3b00000| Untracked 
|  36|0x00000000c3c00000, 0x00000000c3c00000, 0x00000000c3d00000|  0%| F|  |TAMS 0x00000000c3c00000, 0x00000000c3c00000| Untracked 
|  37|0x00000000c3d00000, 0x00000000c3d00000, 0x00000000c3e00000|  0%| F|  |TAMS 0x00000000c3d00000, 0x00000000c3d00000| Untracked 
|  38|0x00000000c3e00000, 0x00000000c3f00000, 0x00000000c3f00000|100%| E|  |TAMS 0x00000000c3e00000, 0x00000000c3e00000| Complete 
|  39|0x00000000c3f00000, 0x00000000c4000000, 0x00000000c4000000|100%| E|CS|TAMS 0x00000000c3f00000, 0x00000000c3f00000| Complete 
|  40|0x00000000c4000000, 0x00000000c4100000, 0x00000000c4100000|100%| E|CS|TAMS 0x00000000c4000000, 0x00000000c4000000| Complete 
|  41|0x00000000c4100000, 0x00000000c4200000, 0x00000000c4200000|100%| E|CS|TAMS 0x00000000c4100000, 0x00000000c4100000| Complete 
|  42|0x00000000c4200000, 0x00000000c4300000, 0x00000000c4300000|100%| E|CS|TAMS 0x00000000c4200000, 0x00000000c4200000| Complete 
|  43|0x00000000c4300000, 0x00000000c4400000, 0x00000000c4400000|100%| E|CS|TAMS 0x00000000c4300000, 0x00000000c4300000| Complete 
|  44|0x00000000c4400000, 0x00000000c4500000, 0x00000000c4500000|100%| E|CS|TAMS 0x00000000c4400000, 0x00000000c4400000| Complete 
|  45|0x00000000c4500000, 0x00000000c4600000, 0x00000000c4600000|100%| E|CS|TAMS 0x00000000c4500000, 0x00000000c4500000| Complete 
|  46|0x00000000c4600000, 0x00000000c4700000, 0x00000000c4700000|100%| E|CS|TAMS 0x00000000c4600000, 0x00000000c4600000| Complete 
|  47|0x00000000c4700000, 0x00000000c4800000, 0x00000000c4800000|100%| E|CS|TAMS 0x00000000c4700000, 0x00000000c4700000| Complete 
|  48|0x00000000c4800000, 0x00000000c4900000, 0x00000000c4900000|100%| E|CS|TAMS 0x00000000c4800000, 0x00000000c4800000| Complete 
|  49|0x00000000c4900000, 0x00000000c4a00000, 0x00000000c4a00000|100%| E|CS|TAMS 0x00000000c4900000, 0x00000000c4900000| Complete 
|  50|0x00000000c4a00000, 0x00000000c4b00000, 0x00000000c4b00000|100%| E|CS|TAMS 0x00000000c4a00000, 0x00000000c4a00000| Complete 
|  51|0x00000000c4b00000, 0x00000000c4c00000, 0x00000000c4c00000|100%| E|CS|TAMS 0x00000000c4b00000, 0x00000000c4b00000| Complete 
|  52|0x00000000c4c00000, 0x00000000c4d00000, 0x00000000c4d00000|100%| E|CS|TAMS 0x00000000c4c00000, 0x00000000c4c00000| Complete 
|  53|0x00000000c4d00000, 0x00000000c4e00000, 0x00000000c4e00000|100%| E|CS|TAMS 0x00000000c4d00000, 0x00000000c4d00000| Complete 
|  54|0x00000000c4e00000, 0x00000000c4f00000, 0x00000000c4f00000|100%| E|CS|TAMS 0x00000000c4e00000, 0x00000000c4e00000| Complete 
|  55|0x00000000c4f00000, 0x00000000c5000000, 0x00000000c5000000|100%| E|CS|TAMS 0x00000000c4f00000, 0x00000000c4f00000| Complete 
|  56|0x00000000c5000000, 0x00000000c5100000, 0x00000000c5100000|100%| E|CS|TAMS 0x00000000c5000000, 0x00000000c5000000| Complete 
|  57|0x00000000c5100000, 0x00000000c5200000, 0x00000000c5200000|100%| E|CS|TAMS 0x00000000c5100000, 0x00000000c5100000| Complete 
|  58|0x00000000c5200000, 0x00000000c5300000, 0x00000000c5300000|100%| E|CS|TAMS 0x00000000c5200000, 0x00000000c5200000| Complete 
|  59|0x00000000c5300000, 0x00000000c5400000, 0x00000000c5400000|100%| E|CS|TAMS 0x00000000c5300000, 0x00000000c5300000| Complete 
|  60|0x00000000c5400000, 0x00000000c5500000, 0x00000000c5500000|100%| E|CS|TAMS 0x00000000c5400000, 0x00000000c5400000| Complete 
|  61|0x00000000c5500000, 0x00000000c5600000, 0x00000000c5600000|100%| E|CS|TAMS 0x00000000c5500000, 0x00000000c5500000| Complete 
|  62|0x00000000c5600000, 0x00000000c5700000, 0x00000000c5700000|100%| E|CS|TAMS 0x00000000c5600000, 0x00000000c5600000| Complete 
|  63|0x00000000c5700000, 0x00000000c5800000, 0x00000000c5800000|100%| E|CS|TAMS 0x00000000c5700000, 0x00000000c5700000| Complete 

Card table byte_map: [0x0000021c24a50000,0x0000021c24c50000] _byte_map_base: 0x0000021c24444000

Marking Bits (Prev, Next): (CMBitMap*) 0x0000021c1a213de0, (CMBitMap*) 0x0000021c1a213e20
 Prev Bits: [0x0000021c24e50000, 0x0000021c25df0000)
 Next Bits: [0x0000021c25df0000, 0x0000021c26d90000)

Polling page: 0x0000021c180b0000

Metaspace:

Usage:
  Non-class:     15.87 MB used.
      Class:      2.50 MB used.
       Both:     18.36 MB used.

Virtual space:
  Non-class space:       64.00 MB reserved,      16.00 MB ( 25%) committed,  1 nodes.
      Class space:        1.00 GB reserved,       2.62 MB ( <1%) committed,  1 nodes.
             Both:        1.06 GB reserved,      18.62 MB (  2%) committed. 

Chunk freelists:
   Non-Class:  15.30 MB
       Class:  13.39 MB
        Both:  28.69 MB

MaxMetaspaceSize: unlimited
CompressedClassSpaceSize: 1.00 GB
Initial GC threshold: 21.00 MB
Current GC threshold: 21.00 MB
CDS: on
MetaspaceReclaimPolicy: balanced
 - commit_granule_bytes: 65536.
 - commit_granule_words: 8192.
 - virtual_space_node_default_size: 8388608.
 - enlarge_chunks_in_place: 1.
 - new_chunks_are_fully_committed: 0.
 - uncommit_free_chunks: 1.
 - use_allocation_guard: 0.
 - handle_deallocations: 1.


Internal statistics:

num_allocs_failed_limit: 0.
num_arena_births: 262.
num_arena_deaths: 0.
num_vsnodes_births: 2.
num_vsnodes_deaths: 0.
num_space_committed: 298.
num_space_uncommitted: 0.
num_chunks_returned_to_freelist: 0.
num_chunks_taken_from_freelist: 935.
num_chunk_merges: 0.
num_chunk_splits: 655.
num_chunks_enlarged: 513.
num_inconsistent_stats: 0.

CodeCache: size=49152Kb used=5550Kb max_used=5550Kb free=43601Kb
 bounds [0x0000021c21a50000, 0x0000021c21fc0000, 0x0000021c24a50000]
 total_blobs=3349 nmethods=2859 adapters=417
 compilation: enabled
              stopped_count=0, restarted_count=0
 full_count=0

Compilation events (20 events):
Event: 8.303 Thread 0x0000021c2921a030 2850       1       org.springframework.boot.autoconfigure.condition.OnBeanCondition$Spec::extract (170 bytes)
Event: 8.304 Thread 0x0000021c2921a030 nmethod 2850 0x0000021c21fb8790 code [0x0000021c21fb8a00, 0x0000021c21fb9248]
Event: 8.304 Thread 0x0000021c2921a030 2851       1       org.springframework.util.Assert::isTrue (17 bytes)
Event: 8.304 Thread 0x0000021c2921a030 nmethod 2851 0x0000021c21fb9710 code [0x0000021c21fb98c0, 0x0000021c21fb9a98]
Event: 8.306 Thread 0x0000021c2921a030 2852       1       org.springframework.core.type.AnnotatedTypeMetadata$$Lambda$376/0x0000021c2b2388c8::apply (8 bytes)
Event: 8.306 Thread 0x0000021c2921a030 nmethod 2852 0x0000021c21fb9b90 code [0x0000021c21fb9d40, 0x0000021c21fb9ee8]
Event: 8.306 Thread 0x0000021c2921a030 2853       1       org.springframework.core.type.AnnotatedTypeMetadata::lambda$getAllAnnotationAttributes$0 (15 bytes)
Event: 8.306 Thread 0x0000021c2921a030 nmethod 2853 0x0000021c21fba010 code [0x0000021c21fba1a0, 0x0000021c21fba2c8]
Event: 8.310 Thread 0x0000021c2921a030 2854       1       org.springframework.core.annotation.AnnotationAttributes::getString (11 bytes)
Event: 8.310 Thread 0x0000021c2921a030 nmethod 2854 0x0000021c21fba410 code [0x0000021c21fba5a0, 0x0000021c21fba6c8]
Event: 8.326 Thread 0x0000021c2921a030 2855       1       java.lang.invoke.LambdaForm$MH/0x0000021c2b02c000::invoke (25 bytes)
Event: 8.326 Thread 0x0000021c2921a030 nmethod 2855 0x0000021c21fba790 code [0x0000021c21fba940, 0x0000021c21fbaab8]
Event: 8.328 Thread 0x0000021c2921a030 2856       1       org.springframework.beans.factory.support.GenericBeanDefinition::getParentName (5 bytes)
Event: 8.328 Thread 0x0000021c2921a030 nmethod 2856 0x0000021c21fbab90 code [0x0000021c21fbad20, 0x0000021c21fbadf8]
Event: 8.370 Thread 0x0000021c2921a030 2857       1       org.springframework.core.annotation.AttributeMethods$$Lambda$67/0x0000021c2b086bc0::compare (12 bytes)
Event: 8.370 Thread 0x0000021c2921a030 nmethod 2857 0x0000021c21fbae90 code [0x0000021c21fbb040, 0x0000021c21fbb1e8]
Event: 8.370 Thread 0x0000021c2921a030 2858       1       org.springframework.core.annotation.AttributeMethods::lambda$static$0 (30 bytes)
Event: 8.371 Thread 0x0000021c2921a030 nmethod 2858 0x0000021c21fbb310 code [0x0000021c21fbb4c0, 0x0000021c21fbb5e8]
Event: 8.403 Thread 0x0000021c2921a030 2859       1       ch.qos.logback.core.pattern.Converter::getNext (5 bytes)
Event: 8.403 Thread 0x0000021c2921a030 nmethod 2859 0x0000021c21fbb710 code [0x0000021c21fbb8a0, 0x0000021c21fbb978]

GC Heap History (8 events):
Event: 1.871 GC heap before
{Heap before GC invocations=0 (full 0):
 garbage-first heap   total 65536K, used 13312K [0x00000000c1800000, 0x0000000100000000)
  region size 1024K, 13 young (13312K), 0 survivors (0K)
 Metaspace       used 2779K, committed 2880K, reserved 1114112K
  class space    used 331K, committed 384K, reserved 1048576K
}
Event: 1.881 GC heap after
{Heap after GC invocations=1 (full 0):
 garbage-first heap   total 65536K, used 6734K [0x00000000c1800000, 0x0000000100000000)
  region size 1024K, 2 young (2048K), 2 survivors (2048K)
 Metaspace       used 2779K, committed 2880K, reserved 1114112K
  class space    used 331K, committed 384K, reserved 1048576K
}
Event: 2.851 GC heap before
{Heap before GC invocations=1 (full 0):
 garbage-first heap   total 65536K, used 16974K [0x00000000c1800000, 0x0000000100000000)
  region size 1024K, 12 young (12288K), 2 survivors (2048K)
 Metaspace       used 5524K, committed 5696K, reserved 1114112K
  class space    used 735K, committed 832K, reserved 1048576K
}
Event: 2.859 GC heap after
{Heap after GC invocations=2 (full 0):
 garbage-first heap   total 65536K, used 7544K [0x00000000c1800000, 0x0000000100000000)
  region size 1024K, 1 young (1024K), 1 survivors (1024K)
 Metaspace       used 5524K, committed 5696K, reserved 1114112K
  class space    used 735K, committed 832K, reserved 1048576K
}
Event: 4.255 GC heap before
{Heap before GC invocations=2 (full 0):
 garbage-first heap   total 65536K, used 28024K [0x00000000c1800000, 0x0000000100000000)
  region size 1024K, 22 young (22528K), 1 survivors (1024K)
 Metaspace       used 10395K, committed 10624K, reserved 1114112K
  class space    used 1384K, committed 1472K, reserved 1048576K
}
Event: 4.262 GC heap after
{Heap after GC invocations=3 (full 0):
 garbage-first heap   total 65536K, used 9356K [0x00000000c1800000, 0x0000000100000000)
  region size 1024K, 3 young (3072K), 3 survivors (3072K)
 Metaspace       used 10395K, committed 10624K, reserved 1114112K
  class space    used 1384K, committed 1472K, reserved 1048576K
}
Event: 6.986 GC heap before
{Heap before GC invocations=3 (full 0):
 garbage-first heap   total 65536K, used 40076K [0x00000000c1800000, 0x0000000100000000)
  region size 1024K, 33 young (33792K), 3 survivors (3072K)
 Metaspace       used 16226K, committed 16512K, reserved 1114112K
  class space    used 2177K, committed 2304K, reserved 1048576K
}
Event: 7.000 GC heap after
{Heap after GC invocations=4 (full 0):
 garbage-first heap   total 65536K, used 12396K [0x00000000c1800000, 0x0000000100000000)
  region size 1024K, 5 young (5120K), 5 survivors (5120K)
 Metaspace       used 16226K, committed 16512K, reserved 1114112K
  class space    used 2177K, committed 2304K, reserved 1048576K
}

Deoptimization events (0 events):
No events

Classes unloaded (0 events):
No events

Classes redefined (0 events):
No events

Internal exceptions (20 events):
Event: 3.372 Thread 0x0000021c1a1d61d0 Exception <a 'java/lang/NoSuchMethodError'{0x00000000c5119c10}: 'java.lang.Object java.lang.invoke.DirectMethodHandle$Holder.invokeStatic(java.lang.Object, java.lang.Object, long, java.lang.Object)'> (0x00000000c5119c10) 
thrown [s\open\src\hotspot\share\interpreter\linkResolver.cpp, line 759]
Event: 3.373 Thread 0x0000021c1a1d61d0 Exception <a 'java/lang/NoSuchMethodError'{0x00000000c511d6a8}: 'java.lang.Object java.lang.invoke.DirectMethodHandle$Holder.invokeStaticInit(java.lang.Object, java.lang.Object, long, java.lang.Object)'> (0x00000000c511d6a8) 
thrown [s\open\src\hotspot\share\interpreter\linkResolver.cpp, line 759]
Event: 3.375 Thread 0x0000021c1a1d61d0 Exception <a 'java/lang/NoSuchMethodError'{0x00000000c5123de8}: 'java.lang.Object java.lang.invoke.DirectMethodHandle$Holder.newInvokeSpecial(java.lang.Object, java.lang.Object, long)'> (0x00000000c5123de8) 
thrown [s\open\src\hotspot\share\interpreter\linkResolver.cpp, line 759]
Event: 3.375 Thread 0x0000021c1a1d61d0 Exception <a 'java/lang/NoSuchMethodError'{0x00000000c5127958}: 'java.lang.Object java.lang.invoke.Invokers$Holder.linkToTargetMethod(java.lang.Object, long, java.lang.Object)'> (0x00000000c5127958) 
thrown [s\open\src\hotspot\share\interpreter\linkResolver.cpp, line 759]
Event: 3.459 Thread 0x0000021c1a1d61d0 Exception <a 'java/lang/NoSuchMethodError'{0x00000000c51877b8}: 'void java.lang.invoke.DirectMethodHandle$Holder.invokeVirtual(java.lang.Object, java.lang.Object, java.lang.Object, java.lang.Object)'> (0x00000000c51877b8) 
thrown [s\open\src\hotspot\share\interpreter\linkResolver.cpp, line 759]
Event: 3.685 Thread 0x0000021c1a1d61d0 Exception <a 'java/lang/NoSuchMethodError'{0x00000000c50e2d10}: 'void java.lang.invoke.DirectMethodHandle$Holder.invokeSpecial(java.lang.Object, java.lang.Object, java.lang.Object)'> (0x00000000c50e2d10) 
thrown [s\open\src\hotspot\share\interpreter\linkResolver.cpp, line 759]
Event: 3.712 Thread 0x0000021c1a1d61d0 Exception <a 'java/lang/IncompatibleClassChangeError'{0x00000000c4f49b80}: Found class java.lang.Object, but interface was expected> (0x00000000c4f49b80) 
thrown [s\open\src\hotspot\share\interpreter\linkResolver.cpp, line 826]
Event: 3.713 Thread 0x0000021c29d1b8b0 Exception <a 'java/lang/NoClassDefFoundError'{0x00000000c4f174f0}: jakarta/validation/Validation> (0x00000000c4f174f0) 
thrown [s\open\src\hotspot\share\classfile\systemDictionary.cpp, line 245]
Event: 4.940 Thread 0x0000021c29d1b8b0 Exception <a 'java/lang/NoSuchMethodError'{0x00000000c49173f0}: 'long java.lang.invoke.DirectMethodHandle$Holder.invokeSpecial(java.lang.Object, java.lang.Object)'> (0x00000000c49173f0) 
thrown [s\open\src\hotspot\share\interpreter\linkResolver.cpp, line 759]
Event: 4.959 Thread 0x0000021c29d1b8b0 Exception <a 'java/lang/NoSuchMethodError'{0x00000000c4921f98}: 'long java.lang.invoke.DirectMethodHandle$Holder.invokeStatic(java.lang.Object, java.lang.Object)'> (0x00000000c4921f98) 
thrown [s\open\src\hotspot\share\interpreter\linkResolver.cpp, line 759]
Event: 4.959 Thread 0x0000021c29d1b8b0 Exception <a 'java/lang/NoSuchMethodError'{0x00000000c49252f0}: 'long java.lang.invoke.DirectMethodHandle$Holder.invokeStaticInit(java.lang.Object, java.lang.Object)'> (0x00000000c49252f0) 
thrown [s\open\src\hotspot\share\interpreter\linkResolver.cpp, line 759]
Event: 5.014 Thread 0x0000021c29d1b8b0 Exception <a 'java/lang/NoSuchMethodError'{0x00000000c4932bf0}: 'long java.lang.invoke.DirectMethodHandle$Holder.invokeInterface(java.lang.Object, java.lang.Object)'> (0x00000000c4932bf0) 
thrown [s\open\src\hotspot\share\interpreter\linkResolver.cpp, line 759]
Event: 5.025 Thread 0x0000021c29d1b8b0 Exception <a 'java/lang/IncompatibleClassChangeError'{0x00000000c4935ed8}: Found class java.lang.Object, but interface was expected> (0x00000000c4935ed8) 
thrown [s\open\src\hotspot\share\interpreter\linkResolver.cpp, line 826]
Event: 5.042 Thread 0x0000021c29d1b8b0 Exception <a 'java/lang/NoSuchMethodError'{0x00000000c49cff50}: 'java.lang.Object java.lang.invoke.DirectMethodHandle$Holder.invokeVirtual(java.lang.Object, java.lang.Object, java.lang.Object, java.lang.Object)'> (0x00000000c49cff50) 
thrown [s\open\src\hotspot\share\interpreter\linkResolver.cpp, line 759]
Event: 5.043 Thread 0x0000021c1a1d61d0 Exception <a 'sun/nio/fs/WindowsException'{0x00000000c497ef38}> (0x00000000c497ef38) 
thrown [s\open\src\hotspot\share\prims\jni.cpp, line 516]
Event: 5.141 Thread 0x0000021c1a1d61d0 Exception <a 'java/lang/NoSuchMethodError'{0x00000000c49808e8}: 'int java.lang.invoke.DirectMethodHandle$Holder.invokeSpecial(java.lang.Object, java.lang.Object, java.lang.Object, java.lang.Object, java.lang.Object)'> (0x00000000c49808e8) 
thrown [s\open\src\hotspot\share\interpreter\linkResolver.cpp, line 759]
Event: 5.155 Thread 0x0000021c1a1d61d0 Exception <a 'java/lang/NoSuchMethodError'{0x00000000c4989738}: 'void java.lang.invoke.DirectMethodHandle$Holder.invokeVirtual(java.lang.Object, java.lang.Object)'> (0x00000000c4989738) 
thrown [s\open\src\hotspot\share\interpreter\linkResolver.cpp, line 759]
Event: 6.866 Thread 0x0000021c1a1d61d0 Exception <a 'java/lang/IncompatibleClassChangeError'{0x00000000c3803628}: Found class java.lang.Object, but interface was expected> (0x00000000c3803628) 
thrown [s\open\src\hotspot\share\interpreter\linkResolver.cpp, line 826]
Event: 7.554 Thread 0x0000021c1a1d61d0 Exception <a 'java/lang/NoSuchMethodError'{0x00000000c4d69770}: 'java.lang.Object java.lang.invoke.DirectMethodHandle$Holder.invokeStatic(java.lang.Object, java.lang.Object, int)'> (0x00000000c4d69770) 
thrown [s\open\src\hotspot\share\interpreter\linkResolver.cpp, line 759]
Event: 7.555 Thread 0x0000021c1a1d61d0 Exception <a 'java/lang/NoSuchMethodError'{0x00000000c4d754c0}: 'void java.lang.invoke.DelegatingMethodHandle$Holder.delegate(java.lang.Object, java.lang.Object, int, java.lang.Object)'> (0x00000000c4d754c0) 
thrown [s\open\src\hotspot\share\interpreter\linkResolver.cpp, line 759]

VM Operations (20 events):
Event: 4.255 Executing VM operation: G1CollectForAllocation
Event: 4.262 Executing VM operation: G1CollectForAllocation done
Event: 4.591 Executing VM operation: HandshakeAllThreads
Event: 4.591 Executing VM operation: HandshakeAllThreads done
Event: 4.856 Executing VM operation: HandshakeAllThreads
Event: 4.878 Executing VM operation: HandshakeAllThreads done
Event: 5.177 Executing VM operation: HandshakeAllThreads
Event: 5.177 Executing VM operation: HandshakeAllThreads done
Event: 5.280 Executing VM operation: HandshakeAllThreads
Event: 5.280 Executing VM operation: HandshakeAllThreads done
Event: 5.280 Executing VM operation: Cleanup
Event: 5.282 Executing VM operation: Cleanup done
Event: 6.290 Executing VM operation: Cleanup
Event: 6.291 Executing VM operation: Cleanup done
Event: 6.986 Executing VM operation: G1CollectForAllocation
Event: 7.000 Executing VM operation: G1CollectForAllocation done
Event: 7.553 Executing VM operation: HandshakeAllThreads
Event: 7.553 Executing VM operation: HandshakeAllThreads done
Event: 7.885 Executing VM operation: ICBufferFull
Event: 7.886 Executing VM operation: ICBufferFull done

Events (20 events):
Event: 6.726 Thread 0x0000021c298b2390 Thread added: 0x0000021c298b2390
Event: 6.760 loading class javax/naming/ldap/LdapContext
Event: 6.763 loading class javax/naming/directory/DirContext
Event: 6.764 loading class javax/naming/directory/DirContext done
Event: 6.764 loading class javax/naming/ldap/LdapContext done
Event: 6.807 Thread 0x0000021c298b2390 Thread exited: 0x0000021c298b2390
Event: 7.288 loading class java/beans/PropertyVetoException
Event: 7.288 loading class java/beans/PropertyVetoException done
Event: 7.562 loading class java/beans/Introspector
Event: 7.563 loading class java/beans/Introspector done
Event: 7.563 loading class java/beans/EventSetDescriptor
Event: 7.564 loading class java/beans/EventSetDescriptor done
Event: 7.564 loading class java/beans/Introspector$1
Event: 7.564 loading class jdk/internal/access/JavaBeansAccess
Event: 7.564 loading class jdk/internal/access/JavaBeansAccess done
Event: 7.564 loading class java/beans/Introspector$1 done
Event: 8.211 loading class java/lang/UnsupportedClassVersionError
Event: 8.211 loading class java/lang/ClassFormatError
Event: 8.212 loading class java/lang/ClassFormatError done
Event: 8.212 loading class java/lang/UnsupportedClassVersionError done


Dynamic libraries:
0x00007ff65edf0000 - 0x00007ff65ee00000 	C:\Program Files\Java\jdk-17\bin\java.exe
0x00007ffbcaf70000 - 0x00007ffbcb169000 	C:\Windows\SYSTEM32\ntdll.dll
0x00007ffbc9f60000 - 0x00007ffbca022000 	C:\Windows\System32\KERNEL32.DLL
0x00007ffbc8780000 - 0x00007ffbc8a77000 	C:\Windows\System32\KERNELBASE.dll
0x00007ffbc8b60000 - 0x00007ffbc8c60000 	C:\Windows\System32\ucrtbase.dll
0x00007ffbb2730000 - 0x00007ffbb2749000 	C:\Program Files\Java\jdk-17\bin\jli.dll
0x00007ffbc9d70000 - 0x00007ffbc9e21000 	C:\Windows\System32\ADVAPI32.dll
0x00007ffbca570000 - 0x00007ffbca60e000 	C:\Windows\System32\msvcrt.dll
0x00007ffbc9e30000 - 0x00007ffbc9ecf000 	C:\Windows\System32\sechost.dll
0x00007ffbb2710000 - 0x00007ffbb272b000 	C:\Program Files\Java\jdk-17\bin\VCRUNTIME140.dll
0x00007ffbc8fb0000 - 0x00007ffbc90d6000 	C:\Windows\System32\RPCRT4.dll
0x00007ffbc8a80000 - 0x00007ffbc8aa7000 	C:\Windows\System32\bcrypt.dll
0x00007ffbca8e0000 - 0x00007ffbcaa7d000 	C:\Windows\System32\USER32.dll
0x00007ffbc8e60000 - 0x00007ffbc8e82000 	C:\Windows\System32\win32u.dll
0x00007ffbcaae0000 - 0x00007ffbcab0b000 	C:\Windows\System32\GDI32.dll
0x00007ffbc8660000 - 0x00007ffbc877a000 	C:\Windows\System32\gdi32full.dll
0x00007ffbac460000 - 0x00007ffbac6fb000 	C:\Windows\WinSxS\amd64_microsoft.windows.common-controls_6595b64144ccf1df_6.0.19041.6926_none_60b5a53971f8f7e6\COMCTL32.dll
0x00007ffbc8c60000 - 0x00007ffbc8cfd000 	C:\Windows\System32\msvcp_win.dll
0x00007ffbb6f40000 - 0x00007ffbb6f4a000 	C:\Windows\SYSTEM32\VERSION.dll
0x00007ffbc8f80000 - 0x00007ffbc8faf000 	C:\Windows\System32\IMM32.DLL
0x00007ffbb5070000 - 0x00007ffbb507c000 	C:\Program Files\Java\jdk-17\bin\vcruntime140_1.dll
0x00007ffba73c0000 - 0x00007ffba744e000 	C:\Program Files\Java\jdk-17\bin\msvcp140.dll
0x00007ffb76e50000 - 0x00007ffb77a30000 	C:\Program Files\Java\jdk-17\bin\server\jvm.dll
0x00007ffbc8f70000 - 0x00007ffbc8f78000 	C:\Windows\System32\PSAPI.DLL
0x00007ffba20e0000 - 0x00007ffba20e9000 	C:\Windows\SYSTEM32\WSOCK32.dll
0x00007ffbc99f0000 - 0x00007ffbc9a5b000 	C:\Windows\System32\WS2_32.dll
0x00007ffbac700000 - 0x00007ffbac727000 	C:\Windows\SYSTEM32\WINMM.dll
0x00007ffbc6df0000 - 0x00007ffbc6e02000 	C:\Windows\SYSTEM32\kernel.appcore.dll
0x00007ffbb2620000 - 0x00007ffbb262a000 	C:\Program Files\Java\jdk-17\bin\jimage.dll
0x00007ffbc6310000 - 0x00007ffbc6511000 	C:\Windows\SYSTEM32\DBGHELP.DLL
0x00007ffbb70a0000 - 0x00007ffbb70d4000 	C:\Windows\SYSTEM32\dbgcore.DLL
0x00007ffbc8ee0000 - 0x00007ffbc8f62000 	C:\Windows\System32\bcryptPrimitives.dll
0x00007ffba7d00000 - 0x00007ffba7d0e000 	C:\Program Files\Java\jdk-17\bin\instrument.dll
0x00007ffbb25f0000 - 0x00007ffbb2615000 	C:\Program Files\Java\jdk-17\bin\java.dll
0x00007ffb8e760000 - 0x00007ffb8e837000 	C:\Program Files\Java\jdk-17\bin\jsvml.dll
0x00007ffbc90e0000 - 0x00007ffbc9851000 	C:\Windows\System32\SHELL32.dll
0x00007ffbc6520000 - 0x00007ffbc6cc6000 	C:\Windows\SYSTEM32\windows.storage.dll
0x00007ffbcab70000 - 0x00007ffbcaec3000 	C:\Windows\System32\combase.dll
0x00007ffbc7f30000 - 0x00007ffbc7f5b000 	C:\Windows\SYSTEM32\Wldp.dll
0x00007ffbc9c10000 - 0x00007ffbc9ce6000 	C:\Windows\System32\OLEAUT32.dll
0x00007ffbca4c0000 - 0x00007ffbca56d000 	C:\Windows\System32\SHCORE.dll
0x00007ffbc9cf0000 - 0x00007ffbc9d4b000 	C:\Windows\System32\shlwapi.dll
0x00007ffbc8510000 - 0x00007ffbc8534000 	C:\Windows\SYSTEM32\profapi.dll
0x00007ffbb0d40000 - 0x00007ffbb0d58000 	C:\Program Files\Java\jdk-17\bin\zip.dll
0x00007ffbb25d0000 - 0x00007ffbb25e9000 	C:\Program Files\Java\jdk-17\bin\net.dll
0x00007ffbb6c40000 - 0x00007ffbb6d4a000 	C:\Windows\SYSTEM32\WINHTTP.dll
0x00007ffbc7c60000 - 0x00007ffbc7cca000 	C:\Windows\system32\mswsock.dll
0x00007ffbb1270000 - 0x00007ffbb1286000 	C:\Program Files\Java\jdk-17\bin\nio.dll
0x00007ffbaa2f0000 - 0x00007ffbaa2fe000 	C:\Program Files\Java\jdk-17\bin\sunmscapi.dll
0x00007ffbc8d00000 - 0x00007ffbc8e5d000 	C:\Windows\System32\CRYPT32.dll
0x00007ffbc8000000 - 0x00007ffbc8027000 	C:\Windows\SYSTEM32\ncrypt.dll
0x00007ffbc7f60000 - 0x00007ffbc7f9b000 	C:\Windows\SYSTEM32\NTASN1.dll

dbghelp: loaded successfully - version: 4.0.5 - missing functions: none
symbol engine: initialized successfully - sym options: 0x614 - pdb path: .;C:\Program Files\Java\jdk-17\bin;C:\Windows\SYSTEM32;C:\Windows\WinSxS\amd64_microsoft.windows.common-controls_6595b64144ccf1df_6.0.19041.6926_none_60b5a53971f8f7e6;C:\Program Files\Java\jdk-17\bin\server

VM Arguments:
jvm_args: -XX:TieredStopAtLevel=1 -Dspring.output.ansi.enabled=always -javaagent:C:\Program Files\JetBrains\IntelliJ IDEA Community Edition 2024.3.4\lib\idea_rt.jar=59067 -Dfile.encoding=UTF-8 
java_command: com.kiran.ProductCatalogApp.ProductCatalogAppApplication
java_class_path (initial): E:\SpringBoot-Projects\ProductCatalogApp\ProductCatalogApp\target\classes;C:\Users\admin\.m2\repository\org\springframework\boot\spring-boot-starter-web\3.3.2\spring-boot-starter-web-3.3.2.jar;C:\Users\admin\.m2\repository\org\springframework\boot\spring-boot-starter\3.3.2\spring-boot-starter-3.3.2.jar;C:\Users\admin\.m2\repository\org\springframework\boot\spring-boot\3.3.2\spring-boot-3.3.2.jar;C:\Users\admin\.m2\repository\org\springframework\boot\spring-boot-autoconfigure\3.3.2\spring-boot-autoconfigure-3.3.2.jar;C:\Users\admin\.m2\repository\org\springframework\boot\spring-boot-starter-logging\3.3.2\spring-boot-starter-logging-3.3.2.jar;C:\Users\admin\.m2\repository\ch\qos\logback\logback-classic\1.5.6\logback-classic-1.5.6.jar;C:\Users\admin\.m2\repository\ch\qos\logback\logback-core\1.5.6\logback-core-1.5.6.jar;C:\Users\admin\.m2\repository\org\apache\logging\log4j\log4j-to-slf4j\2.23.1\log4j-to-slf4j-2.23.1.jar;C:\Users\admin\.m2\repository\org\apache\logging\log4j\log4j-api\2.23.1\log4j-api-2.23.1.jar;C:\Users\admin\.m2\repository\org\slf4j\jul-to-slf4j\2.0.13\jul-to-slf4j-2.0.13.jar;C:\Users\admin\.m2\repository\jakarta\annotation\jakarta.annotation-api\2.1.1\jakarta.annotation-api-2.1.1.jar;C:\Users\admin\.m2\repository\org\yaml\snakeyaml\2.2\snakeyaml-2.2.jar;C:\Users\admin\.m2\repository\org\springframework\boot\spring-boot-starter-json\3.3.2\spring-boot-starter-json-3.3.2.jar;C:\Users\admin\.m2\repository\com\fasterxml\jackson\core\jackson-databind\2.17.2\jackson-databind-2.17.2.jar;C:\Users\admin\.m2\repository\com\fasterxml\jackson\core\jackson-annotations\2.17.2\jackson-annotations-2.17.2.jar;C:\Users\admin\.m2\repository\com\fasterxml\jackson\core\jackson-core\2.17.2\jackson-core-2.17.2.jar;C:\Users\admin\.m2\repository\com\fasterxml\jackson\datatype\jackson-datatype-jdk8\2.17.2\jackson-datatype-jdk8-2.17.2.jar;C:\Users\admin\.m2\repository\com\fasterxml\jackson\datatype\jackson-datatype-jsr310\2.17.2\jackson-datatype-js
Launcher Type: SUN_STANDARD

[Global flags]
     intx CICompilerCount                          = 3                                         {product} {ergonomic}
     uint ConcGCThreads                            = 1                                         {product} {ergonomic}
     uint G1ConcRefinementThreads                  = 4                                         {product} {ergonomic}
   size_t G1HeapRegionSize                         = 1048576                                   {product} {ergonomic}
    uintx GCDrainStackTargetSize                   = 64                                        {product} {ergonomic}
   size_t InitialHeapSize                          = 67108864                                  {product} {ergonomic}
   size_t MarkStackSize                            = 4194304                                   {product} {ergonomic}
   size_t MaxHeapSize                              = 1048576000                                {product} {ergonomic}
   size_t MaxNewSize                               = 629145600                                 {product} {ergonomic}
   size_t MinHeapDeltaBytes                        = 1048576                                   {product} {ergonomic}
   size_t MinHeapSize                              = 8388608                                   {product} {ergonomic}
    uintx NonProfiledCodeHeapSize                  = 0                                      {pd product} {ergonomic}
     bool ProfileInterpreter                       = false                                  {pd product} {command line}
    uintx ProfiledCodeHeapSize                     = 0                                      {pd product} {ergonomic}
   size_t SoftMaxHeapSize                          = 1048576000                             {manageable} {ergonomic}
     intx TieredStopAtLevel                        = 1                                         {product} {command line}
     bool UseCompressedClassPointers               = true                           {product lp64_product} {ergonomic}
     bool UseCompressedOops                        = true                           {product lp64_product} {ergonomic}
     bool UseG1GC                                  = true                                      {product} {ergonomic}
     bool UseLargePagesIndividualAllocation        = false                                  {pd product} {ergonomic}

Logging:
Log output configuration:
 #0: stdout all=warning uptime,level,tags
 #1: stderr all=off uptime,level,tags

Environment Variables:
JAVA_HOME=C:\Program Files\Java\jdk-17
PATH=C:\app\admin\product\21c\dbhomeXE\bin;C:\Program Files\Java\jdk-17\bin;C:\Windows\System32;C:\Program Files\nodejs\;C:\xampp\php;C:\Program Files (x86)\Microsoft SQL Server\170\Tools\Binn\;C:\Program Files\Microsoft SQL Server\170\Tools\Binn\;C:\Program Files\Microsoft SQL Server\Client SDK\ODBC\180\Tools\Binn\;C:\Program Files\Microsoft SQL Server\170\DTS\Binn\;C:\Program Files\dotnet\;C:\Program Files (x86)\Intel\Intel(R) Management Engine Components\DAL;C:\Program Files\Intel\Intel(R) Management Engine Components\DAL;C:\Program Files\Git\cmd;C:\Windows\System32\WindowsPowerShell\v1.0\;%JAVA_HOME%\bin;C:\Program Files\Common Files\Oracle\Java\javapath;C:\Users\admin\AppData\Local\Programs\Python\Python313\Scripts\;C:\Users\admin\AppData\Local\Programs\Python\Python313\;C:\Program Files\MySQL\MySQL Shell 8.0\bin\;C:\Users\admin\AppData\Local\Microsoft\WindowsApps;C:\Program Files\JetBrains\PyCharm Community Edition 2022.3.1\bin;;C:\Users\admin\AppData\Local\Programs\Microsoft VS Code\bin;C:\Program Files\JetBrains\IntelliJ IDEA Community Edition 2024.3.4\bin;;C:\Users\admin\AppData\Roaming\npm;C:\Users\admin\AppData\Roaming\Composer\vendor\bin
USERNAME=admin
OS=Windows_NT
PROCESSOR_IDENTIFIER=Intel64 Family 6 Model 142 Stepping 9, GenuineIntel



---------------  S Y S T E M  ---------------

OS:
 Windows 10 , 64 bit Build 19041 (10.0.19041.7291)
OS uptime: 12 days 22:19 hours

CPU: total 4 (initial active 4) (2 cores per cpu, 2 threads per core) family 6 model 142 stepping 9 microcode 0xf4, cx8, cmov, fxsr, ht, mmx, 3dnowpref, sse, sse2, sse3, ssse3, sse4.1, sse4.2, popcnt, lzcnt, tsc, tscinvbit, avx, avx2, aes, erms, clmul, bmi1, bmi2, adx, fma, vzeroupper, clflush, clflushopt

Memory: 4k page, system-wide physical 3996M (189M free)
TotalPageFile size 16284M (AvailPageFile size 2M)
current process WorkingSet (physical memory assigned to process): 113M, peak: 113M
current process commit charge ("private bytes"): 166M, peak: 166M

vm_info: Java HotSpot(TM) 64-Bit Server VM (17.0.12+8-LTS-286) for windows-amd64 JRE (17.0.12+8-LTS-286), built on Jun  5 2024 06:46:59 by "mach5one" with MS VC++ 17.6 (VS2022)

END.
